#
# An unexpected error has been detected by Java Runtime Environment:
#
#  EXCEPTION_ACCESS_VIOLATION (0xc0000005) at pc=0x79a82baf, pid=2456, tid=3020
#
# Java VM: Java HotSpot(TM) Client VM (10.0-b19 mixed mode windows-x86)
# Problematic frame:
# C  [mcr.dll+0x2baf]
#
# If you would like to submit a bug report, please visit:
#   http://java.sun.com/webapps/bugreport/crash.jsp
# The crash happened outside the Java Virtual Machine in native code.
# See problematic frame for where to report the bug.
#

---------------  T H R E A D  ---------------

Current thread (0x03a6f800):  JavaThread "main" [_thread_in_native, id=3020, stack(0x00430000,0x00c30000)]

siginfo: ExceptionCode=0xc0000005, reading address 0x0000002c

Registers:
EAX=0x0000002c, EBX=0x00000001, ECX=0x1d99e018, EDX=0x013a0048
ESP=0x00c2edf0, EBP=0x00c2ee04, ESI=0x1d99e018, EDI=0x00000000
EIP=0x79a82baf, EFLAGS=0x00010206

Top of Stack: (sp=0x00c2edf0)
0x00c2edf0:   00000000 1d99e018 00c2ee28 79ab0d91
0x00c2ee00:   ffffffff 00c2ee34 79aa998b 0000002c
0x00c2ee10:   7b3868de 00c2f368 00060000 713f0000
0x00c2ee20:   00000000 1d99e018 00c2f38c 79ab33db
0x00c2ee30:   00000000 00c2ee48 79a81f6c 00000001
0x00c2ee40:   00000000 00000000 00c2f398 79aadaf9
0x00c2ee50:   0141d608 00000001 7b3868de 00000000
0x00c2ee60:   00000000 0000006c 006c006c 00000000 

Instructions: (pc=0x79a82baf)
0x79a82b9f:   00 50 64 89 25 00 00 00 00 51 8b 45 08 56 8b f1
0x79a82baf:   8b 08 89 0e 8b 50 04 89 56 04 8b 48 08 89 4e 08 


Stack: [0x00430000,0x00c30000],  sp=0x00c2edf0,  free space=8187k
Native frames: (J=compiled Java code, j=interpreted, Vv=VM code, C=native code)
C  [mcr.dll+0x2baf]
C  [mcr.dll+0x2998b]
C  [mcr.dll+0x1f6c]
C  [mcr.dll+0x2daf9]
C  [mcr.dll+0x2ddf7]
C  [m_dispatcher.dll+0x6dac]
C  [m_dispatcher.dll+0x6eb1]
C  [m_dispatcher.dll+0x3f6b]
C  [m_dispatcher.dll+0x6dac]
C  [m_dispatcher.dll+0x6eb1]
C  [m_interpreter.dll+0xa6fcd]
C  [m_interpreter.dll+0xa1da6]
C  [m_interpreter.dll+0x111f1]
C  0x787827b2
C  0x78782f32
C  0x787829ea
C  0x78786ebd
C  0x78786f83
v  ~BufferBlob::Interpreter
v  ~BufferBlob::Interpreter
v  ~BufferBlob::Interpreter
v  ~BufferBlob::Interpreter
v  ~BufferBlob::Interpreter
v  ~BufferBlob::Interpreter
v  ~BufferBlob::StubRoutines (1)

Java frames: (J=compiled Java code, j=interpreted, Vv=VM code)
v  ~BufferBlob::Interpreter
v  ~BufferBlob::Interpreter
v  ~BufferBlob::Interpreter
v  ~BufferBlob::Interpreter
v  ~BufferBlob::Interpreter
v  ~BufferBlob::Interpreter
v  ~BufferBlob::StubRoutines (1)

---------------  P R O C E S S  ---------------

Java Threads: ( => current thread )
  0x0ccd2800 JavaThread "Prefs Updater" [_thread_blocked, id=2788, stack(0x0fe80000,0x0ff00000)]
  0x0ccd2400 JavaThread "Image Fetcher 2" daemon [_thread_blocked, id=4464, stack(0x0f5c0000,0x0f640000)]
  0x0ccd1800 JavaThread "Thread-27" [_thread_blocked, id=792, stack(0x0fe00000,0x0fe80000)]
  0x0ccd0400 JavaThread "Active Reference Queue Daemon" daemon [_thread_blocked, id=2920, stack(0x0fd30000,0x0fdb0000)]
  0x0ccd1c00 JavaThread "Timer-22" daemon [_thread_blocked, id=2360, stack(0x0fcb0000,0x0fd30000)]
  0x0ccd0c00 JavaThread "Timer-15" daemon [_thread_blocked, id=3112, stack(0x0fc10000,0x0fc90000)]
  0x0d0f9c00 JavaThread "Timer-1" [_thread_blocked, id=1708, stack(0x0f4f0000,0x0f570000)]
  0x0c790400 JavaThread "TimerQueue" daemon [_thread_blocked, id=828, stack(0x0e270000,0x0e2f0000)]
  0x0ccb3800 JavaThread "AWT-EventQueue-0" [_thread_blocked, id=1268, stack(0x0e170000,0x0e1f0000)]
  0x04c3b000 JavaThread "AWT-Shutdown" [_thread_blocked, id=6132, stack(0x0e0f0000,0x0e170000)]
  0x0cf72000 JavaThread "AWT-Windows" daemon [_thread_in_native, id=5224, stack(0x0d8f0000,0x0d970000)]
  0x0cfafc00 JavaThread "Java2D Disposer" daemon [_thread_blocked, id=5300, stack(0x08e80000,0x08f00000)]
  0x0c7c9000 JavaThread "Timer-0" [_thread_blocked, id=3008, stack(0x08e00000,0x08e80000)]
  0x04c2f000 JavaThread "JMI Unnamed Thread" [_thread_in_native, id=3888, stack(0x05560000,0x05d60000)]
  0x04c09000 JavaThread "Low Memory Detector" daemon [_thread_blocked, id=4100, stack(0x08d80000,0x08e00000)]
  0x04c05400 JavaThread "CompilerThread0" daemon [_thread_blocked, id=2980, stack(0x0b790000,0x0bf90000)]
  0x04bfcc00 JavaThread "Attach Listener" daemon [_thread_blocked, id=5816, stack(0x08860000,0x088e0000)]
  0x04be5800 JavaThread "Finalizer" daemon [_thread_blocked, id=4044, stack(0x087e0000,0x08860000)]
  0x04be1400 JavaThread "Reference Handler" daemon [_thread_blocked, id=428, stack(0x08760000,0x087e0000)]
=>0x03a6f800 JavaThread "main" [_thread_in_native, id=3020, stack(0x00430000,0x00c30000)]

Other Threads:
  0x04bdcc00 VMThread [stack: 0x0af90000,0x0b790000] [id=4176]
  0x04c0b000 WatcherThread [stack: 0x0bf90000,0x0c790000] [id=4332]

VM state:not at safepoint (normal execution)

VM Mutex/Monitor currently owned by a thread: None

Heap
 def new generation   total 14784K, used 8734K [0x10010000, 0x11010000, 0x12010000)
  eden space 13184K,  58% used [0x10010000, 0x107a2a10, 0x10cf0000)
  from space 1600K,  61% used [0x10e80000, 0x10f74ed0, 0x11010000)
  to   space 1600K,   0% used [0x10cf0000, 0x10cf0000, 0x10e80000)
 tenured generation   total 49152K, used 20901K [0x12010000, 0x15010000, 0x18010000)
   the space 49152K,  42% used [0x12010000, 0x13479590, 0x13479600, 0x15010000)
 compacting perm gen  total 32768K, used 26370K [0x18010000, 0x1a010000, 0x1c010000)
   the space 32768K,  80% used [0x18010000, 0x199d0890, 0x199d0a00, 0x1a010000)
No shared spaces configured.

Dynamic libraries:
0x00400000 - 0x0042f000 	C:\Program Files\MATLAB\R2009a\bin\win32\MATLAB.exe
0x775f0000 - 0x7772c000 	C:\Windows\SYSTEM32\ntdll.dll
0x76e00000 - 0x76ed4000 	C:\Windows\system32\kernel32.dll
0x75960000 - 0x759aa000 	C:\Windows\system32\KERNELBASE.dll
0x7b280000 - 0x7b34a000 	C:\Program Files\MATLAB\R2009a\bin\win32\libut.dll
0x77760000 - 0x7778a000 	C:\Windows\system32\imagehlp.dll
0x76d50000 - 0x76dfc000 	C:\Windows\system32\msvcrt.dll
0x77790000 - 0x77795000 	C:\Windows\system32\PSAPI.DLL
0x7bba0000 - 0x7bbbf000 	C:\Program Files\MATLAB\R2009a\bin\win32\LIBEXPAT.dll
0x713f0000 - 0x7148b000 	C:\Windows\WinSxS\x86_microsoft.vc80.crt_1fc8b3b9a1e18e3b_8.0.50727.4927_none_d08a205e442db5b5\MSVCR80.dll
0x7b6b0000 - 0x7b791000 	C:\Program Files\MATLAB\R2009a\bin\win32\icuuc38.dll
0x77320000 - 0x773c0000 	C:\Windows\system32\ADVAPI32.dll
0x76790000 - 0x767a9000 	C:\Windows\SYSTEM32\sechost.dll
0x77270000 - 0x77311000 	C:\Windows\system32\RPCRT4.dll
0x7ad90000 - 0x7ad94000 	C:\Program Files\MATLAB\R2009a\bin\win32\icudt38.dll
0x7ada0000 - 0x7adac000 	C:\Program Files\MATLAB\R2009a\bin\win32\icuio38.dll
0x7afe0000 - 0x7b0c4000 	C:\Program Files\MATLAB\R2009a\bin\win32\icuin38.dll
0x71340000 - 0x713c7000 	C:\Windows\WinSxS\x86_microsoft.vc80.crt_1fc8b3b9a1e18e3b_8.0.50727.4927_none_d08a205e442db5b5\MSVCP80.dll
0x773c0000 - 0x77489000 	C:\Windows\system32\USER32.dll
0x77080000 - 0x770ce000 	C:\Windows\system32\GDI32.dll
0x77750000 - 0x7775a000 	C:\Windows\system32\LPK.dll
0x76cb0000 - 0x76d4d000 	C:\Windows\system32\USP10.dll
0x782e0000 - 0x78317000 	C:\Program Files\MATLAB\R2009a\bin\win32\libmwfl.dll
0x10000000 - 0x1000e000 	C:\Program Files\MATLAB\R2009a\bin\win32\boost_date_time-vc80-mt-1_36.dll
0x00190000 - 0x001a0000 	C:\Program Files\MATLAB\R2009a\bin\win32\boost_signals-vc80-mt-1_36.dll
0x001b0000 - 0x001b7000 	C:\Program Files\MATLAB\R2009a\bin\win32\boost_system-vc80-mt-1_36.dll
0x001d0000 - 0x001dc000 	C:\Program Files\MATLAB\R2009a\bin\win32\boost_thread-vc80-mt-1_36.dll
0x7b3b0000 - 0x7b59a000 	C:\Program Files\MATLAB\R2009a\bin\win32\libmwservices.dll
0x7b350000 - 0x7b3aa000 	C:\Program Files\MATLAB\R2009a\bin\win32\libmx.dll
0x787a0000 - 0x787b3000 	C:\Program Files\MATLAB\R2009a\bin\win32\zlib1.dll
0x7b5a0000 - 0x7b6af000 	C:\Program Files\MATLAB\R2009a\bin\win32\libmwmathutil.dll
0x79510000 - 0x79543000 	C:\Program Files\MATLAB\R2009a\bin\win32\mpath.dll
0x00330000 - 0x0035f000 	C:\Program Files\MATLAB\R2009a\bin\win32\mlutil.dll
0x00370000 - 0x003a9000 	C:\Program Files\MATLAB\R2009a\bin\win32\tbb.dll
0x759b0000 - 0x75a34000 	C:\Windows\WinSxS\x86_microsoft.windows.common-controls_6595b64144ccf1df_5.82.7600.16385_none_ebf82fc36c758ad5\COMCTL32.dll
0x777a0000 - 0x7781b000 	C:\Windows\system32\comdlg32.dll
0x77130000 - 0x77187000 	C:\Windows\system32\SHLWAPI.dll
0x75a40000 - 0x76689000 	C:\Windows\system32\SHELL32.dll
0x73ee0000 - 0x73ef1000 	C:\Windows\system32\NETAPI32.dll
0x73ed0000 - 0x73ed9000 	C:\Windows\system32\netutils.dll
0x75370000 - 0x75389000 	C:\Windows\system32\srvcli.dll
0x73ec0000 - 0x73ecf000 	C:\Windows\system32\wkscli.dll
0x767b0000 - 0x767e5000 	C:\Windows\system32\WS2_32.dll
0x77730000 - 0x77736000 	C:\Windows\system32\NSI.dll
0x79a80000 - 0x79ad3000 	C:\Program Files\MATLAB\R2009a\bin\win32\mcr.dll
0x7adb0000 - 0x7adeb000 	C:\Program Files\MATLAB\R2009a\bin\win32\iqm.dll
0x7a080000 - 0x7a558000 	C:\Program Files\MATLAB\R2009a\bin\win32\m_interpreter.dll
0x7ae00000 - 0x7ae0c000 	C:\Program Files\MATLAB\R2009a\bin\win32\libmex.dll
0x79960000 - 0x799b7000 	C:\Program Files\MATLAB\R2009a\bin\win32\m_dispatcher.dll
0x78670000 - 0x7868c000 	C:\Program Files\MATLAB\R2009a\bin\win32\datasvcs.dll
0x78df0000 - 0x78fb2000 	C:\Program Files\MATLAB\R2009a\bin\win32\xerces-c_2_7.dll
0x00c50000 - 0x00ced000 	C:\Program Files\MATLAB\R2009a\bin\win32\boost_regex-vc80-mt-1_36.dll
0x79870000 - 0x798c7000 	C:\Program Files\MATLAB\R2009a\bin\win32\profiler.dll
0x7ae60000 - 0x7ae7e000 	C:\Program Files\MATLAB\R2009a\bin\win32\libmwmathrng.dll
0x78720000 - 0x78732000 	C:\Program Files\MATLAB\R2009a\bin\win32\m_pcodeio.dll
0x794d0000 - 0x79507000 	C:\Program Files\MATLAB\R2009a\bin\win32\m_ir.dll
0x79b60000 - 0x7a077000 	C:\Program Files\MATLAB\R2009a\bin\win32\m_parser.dll
0x7adf0000 - 0x7adfe000 	C:\Program Files\MATLAB\R2009a\bin\win32\ir_xfmr.dll
0x78320000 - 0x78468000 	C:\Program Files\MATLAB\R2009a\bin\win32\mcos.dll
0x7aea0000 - 0x7aeaa000 	C:\Program Files\MATLAB\R2009a\bin\win32\mtok.dll
0x78700000 - 0x78716000 	C:\Program Files\MATLAB\R2009a\bin\win32\m_pcodegen.dll
0x78650000 - 0x7866b000 	C:\Program Files\MATLAB\R2009a\bin\win32\bridge.dll
0x7aae0000 - 0x7ab64000 	C:\Program Files\MATLAB\R2009a\bin\win32\udd.dll
0x7b7a0000 - 0x7b89b000 	C:\Program Files\MATLAB\R2009a\bin\win32\libmwgui.dll
0x78800000 - 0x789f1000 	C:\Program Files\MATLAB\R2009a\bin\win32\hg.dll
0x78690000 - 0x786b2000 	C:\Program Files\MATLAB\R2009a\bin\win32\libmat.dll
0x7b0d0000 - 0x7b275000 	C:\Program Files\MATLAB\R2009a\bin\win32\libhdf5.dll
0x793e0000 - 0x7941e000 	C:\Program Files\MATLAB\R2009a\bin\win32\jmi.dll
0x790f0000 - 0x7911c000 	C:\Program Files\MATLAB\R2009a\bin\win32\libmwhardcopy.dll
0x79490000 - 0x794c7000 	C:\Program Files\MATLAB\R2009a\bin\win32\libuij.dll
0x78d50000 - 0x78de5000 	C:\Program Files\MATLAB\R2009a\bin\win32\libmwmathlinalg.dll
0x78a60000 - 0x78d42000 	C:\Program Files\MATLAB\R2009a\bin\win32\libmwmathelem.dll
0x78a00000 - 0x78a52000 	C:\Program Files\MATLAB\R2009a\bin\win32\libmwmathcore.dll
0x798d0000 - 0x79917000 	C:\Program Files\MATLAB\R2009a\bin\win32\libmwcholmod.dll
0x7ae10000 - 0x7ae1a000 	C:\Program Files\MATLAB\R2009a\bin\win32\libmwamd.dll
0x7ae40000 - 0x7ae49000 	C:\Program Files\MATLAB\R2009a\bin\win32\libmwcolamd.dll
0x7ae30000 - 0x7ae3d000 	C:\Program Files\MATLAB\R2009a\bin\win32\libmwblas.dll
0x7ae20000 - 0x7ae2c000 	C:\Program Files\MATLAB\R2009a\bin\win32\libmwbinder.dll
0x786c0000 - 0x786f8000 	C:\Program Files\MATLAB\R2009a\bin\win32\libmwlapack.dll
0x00eb0000 - 0x00ee5000 	C:\Program Files\MATLAB\R2009a\bin\win32\libmwrookfastbp.dll
0x79120000 - 0x7915c000 	C:\Program Files\MATLAB\R2009a\bin\win32\libmwma57.dll
0x7aef0000 - 0x7afd9000 	C:\Program Files\MATLAB\R2009a\bin\win32\libifcoremd.dll
0x79550000 - 0x79813000 	C:\Program Files\MATLAB\R2009a\bin\win32\libmmd.dll
0x7ae50000 - 0x7ae5c000 	C:\Program Files\MATLAB\R2009a\bin\win32\libmwcsparse.dll
0x79a20000 - 0x79a73000 	C:\Program Files\MATLAB\R2009a\bin\win32\libmwumfpack.dll
0x00f30000 - 0x00fd7000 	C:\Program Files\MATLAB\R2009a\bin\win32\hgdatatypes.dll
0x7ab70000 - 0x7ad89000 	C:\Program Files\MATLAB\R2009a\bin\win32\uiw.dll
0x7aee0000 - 0x7aee9000 	C:\Program Files\MATLAB\R2009a\bin\win32\uinone.dll
0x01010000 - 0x0111f000 	C:\Windows\WinSxS\x86_microsoft.vc80.mfc_1fc8b3b9a1e18e3b_8.0.50727.762_none_0c178a139ee2a7ed\MFC80.DLL
0x01120000 - 0x01171000 	C:\Windows\system32\WINSPOOL.DRV
0x77490000 - 0x775ec000 	C:\Windows\system32\ole32.dll
0x771e0000 - 0x7726f000 	C:\Windows\system32\OLEAUT32.dll
0x79ae0000 - 0x79b55000 	C:\Program Files\MATLAB\R2009a\bin\win32\udd_mi.dll
0x78740000 - 0x78753000 	C:\Program Files\MATLAB\R2009a\bin\win32\mwoles05.DLL
0x79820000 - 0x79864000 	C:\Program Files\MATLAB\R2009a\bin\win32\comcli.dll
0x713d0000 - 0x713eb000 	C:\Windows\WinSxS\x86_microsoft.vc80.atl_1fc8b3b9a1e18e3b_8.0.50727.762_none_11ecb0ab9b2caf3c\ATL80.DLL
0x7ae90000 - 0x7ae9b000 	C:\Program Files\MATLAB\R2009a\bin\win32\mlautoregister.dll
0x76b50000 - 0x76b6f000 	C:\Windows\system32\IMM32.DLL
0x769f0000 - 0x76abc000 	C:\Windows\system32\MSCTF.dll
0x75040000 - 0x75084000 	C:\Windows\system32\DNSAPI.dll
0x75410000 - 0x75418000 	C:\Windows\system32\Secur32.dll
0x75640000 - 0x7565a000 	C:\Windows\system32\SSPICLI.DLL
0x76690000 - 0x76784000 	C:\Windows\system32\WININET.dll
0x77740000 - 0x77743000 	C:\Windows\system32\Normaliz.dll
0x76b70000 - 0x76ca5000 	C:\Windows\system32\urlmon.dll
0x75840000 - 0x7595c000 	C:\Windows\system32\CRYPT32.dll
0x757b0000 - 0x757bc000 	C:\Windows\system32\MSASN1.dll
0x767f0000 - 0x769e9000 	C:\Windows\system32\iertutil.dll
0x75740000 - 0x7574b000 	C:\Windows\system32\profapi.dll
0x756c0000 - 0x756cc000 	C:\Windows\system32\CRYPTBASE.dll
0x744f0000 - 0x74530000 	C:\Windows\system32\uxtheme.dll
0x746d0000 - 0x7486e000 	C:\Windows\WinSxS\x86_microsoft.windows.common-controls_6595b64144ccf1df_6.0.7600.16385_none_421189da2b7fabfc\comctl32.dll
0x76ac0000 - 0x76b43000 	C:\Windows\system32\CLBCatQ.DLL
0x74560000 - 0x74655000 	C:\Windows\system32\propsys.dll
0x73d50000 - 0x73d71000 	C:\Windows\system32\ntmarta.dll
0x77190000 - 0x771d5000 	C:\Windows\system32\WLDAP32.dll
0x76ee0000 - 0x7707d000 	C:\Windows\system32\SETUPAPI.dll
0x757e0000 - 0x75807000 	C:\Windows\system32\CFGMGR32.dll
0x757c0000 - 0x757d2000 	C:\Windows\system32\DEVOBJ.dll
0x738c0000 - 0x738dc000 	C:\Windows\system32\iphlpapi.dll
0x738b0000 - 0x738b7000 	C:\Windows\system32\WINNSI.DLL
0x736c0000 - 0x736d2000 	C:\Windows\system32\dhcpcsvc.DLL
0x73190000 - 0x7319d000 	C:\Windows\system32\dhcpcsvc6.DLL
0x74020000 - 0x74023000 	C:\Windows\system32\icmp.Dll
0x79190000 - 0x793e0000 	C:\Program Files\MATLAB\R2009a\sys\java\jre\win32\jre\bin\client\jvm.dll
0x03170000 - 0x031a2000 	C:\Windows\system32\WINMM.dll
0x03860000 - 0x038b6000 	C:\Program Files\MATLAB\R2009a\bin\win32\MSVCR71.dll
0x75670000 - 0x756bb000 	C:\Windows\system32\apphelp.dll

VM Arguments:
jvm_args: -Xss512k -XX:PermSize=32m -Xms64m -XX:NewRatio=3 -XX:MaxPermSize=64m -Xmx128m -XX:MaxDirectMemorySize=1200000000 -Dsun.java2d.noddraw=true -Dsun.awt.nopixfmt=true -Xshare:off -Xrs -Djava.library.path=C:\Program Files\MATLAB\R2009a\bin\win32 vfprintf abort 
java_command: <unknown>
Launcher Type: generic

Environment Variables:
CLASSPATH=.;C:\Program Files\Java\jre1.6.0\lib\ext\QTJava.zip
PATH=C:\Dev-Cpp;C:\Archivos de programa\Java\jdk1.6.0\bin;C:\Windows\system32;C:\Windows;C:\Windows\System32\Wbem;C:\Windows\System32\WindowsPowerShell\v1.0\;c:\Program Files\Microsoft SQL Server\90\Tools\binn\;C:\Program Files\MATLAB\R2009a\bin;C:\Program Files\MATLAB\R2009a\bin\win32;C:\Program Files\QuickTime\QTSystem\;C:\Program Files\Microchip\MPLAB C32 Suite\bin;C:\BC45\BIN
USERNAME=Raymundo
OS=Windows_NT
PROCESSOR_IDENTIFIER=x86 Family 6 Model 28 Stepping 2, GenuineIntel



---------------  S Y S T E M  ---------------

OS: Windows NT 6.1 Build 7600 

CPU:total 2 (1 cores per cpu, 2 threads per core) family 6 model 12 stepping 2, cmov, cx8, fxsr, mmx, sse, sse2, sse3, ssse3, ht

Memory: 4k page, physical 2087416k(1179752k free), swap 4174832k(2765728k free)

vm_info: Java HotSpot(TM) Client VM (10.0-b19) for windows-x86 JRE (1.6.0_04-b12), built on Dec 14 2007 00:51:20 by "java_re" with MS VC++ 7.1

time: Wed May 23 17:54:42 2012
elapsed time: 61 seconds

