x=(1:8).^2

x =

     1     4     9    16    25    36    49    64

x=(0.1:0.1:1)

x =

  Columns 1 through 7

    0.1000    0.2000    0.3000    0.4000    0.5000    0.6000    0.7000

  Columns 8 through 10

    0.8000    0.9000    1.0000

length(x)

ans =

    10

x2=x(end/2:end)

x2 =

    0.5000    0.6000    0.7000    0.8000    0.9000    1.0000

x2=x(end/2+1:end)

x2 =

    0.6000    0.7000    0.8000    0.9000    1.0000

x2=x(end/2:end)

x2 =

    0.5000    0.6000    0.7000    0.8000    0.9000    1.0000

x3=x

x3 =

  Columns 1 through 7

    0.1000    0.2000    0.3000    0.4000    0.5000    0.6000    0.7000

  Columns 8 through 10

    0.8000    0.9000    1.0000

a=linspace(0,1,20)

a =

  Columns 1 through 7

         0    0.0526    0.1053    0.1579    0.2105    0.2632    0.3158

  Columns 8 through 14

    0.3684    0.4211    0.4737    0.5263    0.5789    0.6316    0.6842

  Columns 15 through 20

    0.7368    0.7895    0.8421    0.8947    0.9474    1.0000

b=0:0.05:1

b =

  Columns 1 through 7

         0    0.0500    0.1000    0.1500    0.2000    0.2500    0.3000

  Columns 8 through 14

    0.3500    0.4000    0.4500    0.5000    0.5500    0.6000    0.6500

  Columns 15 through 21

    0.7000    0.7500    0.8000    0.8500    0.9000    0.9500    1.0000

length(a) %20)

ans =

    20

length(b) %21)

ans =

    21

c=linspace(0,1,10)%10#

c =

  Columns 1 through 7

         0    0.1111    0.2222    0.3333    0.4444    0.5556    0.6667

  Columns 8 through 10

    0.7778    0.8889    1.0000

d=0:0.1:1

d =

  Columns 1 through 7

         0    0.1000    0.2000    0.3000    0.4000    0.5000    0.6000

  Columns 8 through 11

    0.7000    0.8000    0.9000    1.0000

format long
length(c)

ans =

    10

length(d)

ans =

    11

d1=0:0.11:1

d1 =

  Columns 1 through 3

                   0   0.110000000000000   0.220000000000000

  Columns 4 through 6

   0.330000000000000   0.440000000000000   0.550000000000000

  Columns 7 through 9

   0.660000000000000   0.770000000000000   0.880000000000000

  Column 10

   0.990000000000000

clear all
a=[3 7 2 9 3 4 1 6]

a =

     3     7     2     9     3     4     1     6

b=[7]

b =

     7

vec1=a==b

vec1 =

     0     1     0     0     0     0     0     0

%valores logicos
vec2=mod(a,2)%ve si el residuo de los valores del vector con cero=1logico

vec2 =

     1     1     0     1     1     0     1     0

vec3=vec1+vec2

vec3 =

     1     2     0     1     1     0     1     0

vec4=vect3.*a %. operacion elementyo por elemento
??? Undefined function or variable 'vect3'.

vec4=vec3.*a %. operacion elementyo por elemento

vec4 =

     3    14     0     9     3     0     1     0

vec5=find(a<5)

vec5 =

     1     3     5     6     7

%posiciones del valores menores a 5 del vector a
vec6=a(vec5)

vec6 =

     3     2     3     4     1

%valores de vector a de acuerdo al veac5
vec7=a(vec5)+10

vec7 =

    13    12    13    14    11

%suma 10 a los valores del vector
vec8=vec5.^2

vec8 =

     1     9    25    36    49

clear all
clc
vec17=3:3:30  %inicio : intervalo : final

vec17 =

     3     6     9    12    15    18    21    24    27    30

vct18=vec17([3 5 7:9])  %toma los valores 53 5 y 7-9 de vec17

vct18 =

     9    15    21    24    27

vec19=vec17([1:3 6 8:end])  %toma los valores 1-3 6 8-final

vec19 =

     3     6     9    18    24    27    30

vec20([1 2 3 5 7 vec17])  %toma los valores 1 2 3 5 7 y todo vec17
??? Undefined function or method 'vec20' for input arguments of type
'double'.

vec20=([1 2 3 5 7 vec17])  %toma los valores 1 2 3 5 7 y todo vec17

vec20 =

  Columns 1 through 12

     1     2     3     5     7     3     6     9    12    15    18    21

  Columns 13 through 15

    24    27    30

vec20=([1 2 3 5 7 vec17])  %crea vector con los primeros valores y añade vec17

vec20 =

  Columns 1 through 12

     1     2     3     5     7     3     6     9    12    15    18    21

  Columns 13 through 15

    24    27    30

vec21=2*vec17(2:6)

vec21 =

    12    18    24    30    36

%multiplica por 2 los valores de las pocioones 2-6 ded vec17
vec23=10:2:34

vec23 =

  Columns 1 through 12

    10    12    14    16    18    20    22    24    26    28    30    32

  Column 13

    34

i=2;
vec25=vec23([2*i 3*i 7])

vec25 =

    16    20    22






























vec25=vec23([2*i 3*i 7:10])

vec25 =

    16    20    22    24    26    28

A=[2 15 17 12 34 4 15 22 -4 10]

A =

     2    15    17    12    34     4    15    22    -4    10

impar=1:2:length(A)

impar =

     1     3     5     7     9

%crea vector de impares de la talla de a
A(impar)

ans =

     2    17    34    15    -4

%vector datos(vector posiciones)
B(impar)=A(2:2:end)

B =

    15     0    12     0     4     0    22     0    10

B(2:2:end)

ans =

     0     0     0     0

B(2:2:end)=99

B =

    15    99    12    99     4    99    22    99    10

menores=A<16

menores =

     1     1     0     1     0     1     1     0     1     1

%valores logicos de los < 16 de A
A(menores)

ans =

     2    15    12     4    15    -4    10

%vectores de menores de 16 de A
A(menores)=A(menores)+10

A =

    12    25    17    22    34    14    25    22     6    20

%suma 10 a los valores menores a 16 de A
clear all
x=-6:-1

x =

    -6    -5    -4    -3    -2    -1

all(x(:)<0)

ans =

     1

B=zeros(10,1)

B =

     0
     0
     0
     0
     0
     0
     0
     0
     0
     0

%crea vector columna de 0
clear all
clc
kt=2:30

kt =

  Columns 1 through 12

     2     3     4     5     6     7     8     9    10    11    12    13

  Columns 13 through 24

    14    15    16    17    18    19    20    21    22    23    24    25

  Columns 25 through 29

    26    27    28    29    30

kt(6)  %comsulta el elemento 6

ans =

     7

kt(3:6)=[]

kt =

  Columns 1 through 12

     2     3     8     9    10    11    12    13    14    15    16    17

  Columns 13 through 24

    18    19    20    21    22    23    24    25    26    27    28    29

  Column 25

    30

%borra los eleemntos de 3-6
kt(7:end)=[]

kt =

     2     3     8     9    10    11

%borra los eleemntos de 7-final del nuevo vecto kt
clear all

clc
%operaciones elemento por elemento
s=1:6;t=6:1;
s

s =

     1     2     3     4     5     6

t

t =

   Empty matrix: 1-by-0

s=1:6;t=6:-1:1;
s

s =

     1     2     3     4     5     6

t

t =

     6     5     4     3     2     1

s+t

ans =

     7     7     7     7     7     7

s-t

ans =

    -5    -3    -1     1     3     5

s.*t

ans =

     6    10    12    12    10     6

s./t

ans =

  Columns 1 through 3

   0.166666666666667   0.400000000000000   0.750000000000000

  Columns 4 through 6

   1.333333333333333   2.500000000000000   6.000000000000000

s.^2

ans =

     1     4     9    16    25    36

1./s

ans =

  Columns 1 through 3

   1.000000000000000   0.500000000000000   0.333333333333333

  Columns 4 through 6

   0.250000000000000   0.200000000000000   0.166666666666667

s/2

ans =

  Columns 1 through 3

   0.500000000000000   1.000000000000000   1.500000000000000

  Columns 4 through 6

   2.000000000000000   2.500000000000000   3.000000000000000

s+1

ans =

     2     3     4     5     6     7

s-2*t

ans =

   -11    -8    -5    -2     1     4

2*s

ans =

     2     4     6     8    10    12

clear all
clc
v=[1 0 6 0 8 9 0]

v =

     1     0     6     0     8     9     0

v2=logical(v), format rat

v2 =

     1     0     1     0     1     1     0

%valores logicos de las pociones ocupadas
v3=1./(1:7)

v3 =

  Columns 1 through 5

       1              1/2            1/3            1/4            1/5     

  Columns 6 through 7

       1/6            1/7     

v4=1./(7:-1:1)

v4 =

  Columns 1 through 5

       1/7            1/6            1/5            1/4            1/3     

  Columns 6 through 7

       1/2            1       

clear all
clc
A=rand(10)  %# aleatorios menores a la unidad

A =

  Columns 1 through 5

     664/815        589/3737      3581/5461      1016/1439       573/1306  
    1298/1433      6271/6461       489/13693      128/4021      1469/3850  
     751/5914       581/607        439/517         18/65         111/145   
     717/785        614/1265       283/303        243/5263       497/625   
    1493/2361      1142/1427      1481/2182       701/7217       242/1295  
     694/7115       689/4856       979/1292       681/827       1268/2589  
     408/1465       407/965        541/728        954/1373       954/2141  
    1324/2421      1065/1163      1645/4194       293/924        561/868   
     338/353         61/77        1406/2145      1069/1125       659/929   
     687/712       1966/2049      1193/6969       259/7519      1409/1867  

  Columns 6 through 10

     175/634       1927/2565       797/948        339/964        202/2663  
     365/537        388/1521       193/759       1935/2329       491/9101  
     302/461        637/1259     13088/16073     1263/2158       293/552   
     655/4028      1287/1841       771/3166       199/362        187/240   
    1078/9059      2752/3089       959/1032      1595/1739       184/197   
     457/917        542/565       1079/3083       327/1144       374/2879  
    1049/1093       226/413        358/1821      2261/2986       967/1700  
     547/1607       131/945        695/2768      2476/3285      3320/7073  
     580/991        222/1487      1436/2331       751/1974       158/13275 
     438/1957       463/1798       567/1198       967/1703       860/2551  

A=A*100

A =

  Columns 1 through 5

   16213/199       3830/243       3541/54        3036/43        9784/223   
   20018/221      13103/135       1957/548       2171/682       2938/77    
    3835/302       5743/60       32182/379        360/13        2220/29    
    7033/77        8397/173      27833/298        808/175       1988/25    
    5628/89        8563/107       5905/87        1253/129       4840/259   
    3014/309       6243/440      13412/177       8811/107       4163/85    
    7603/273       7423/176       6168/83       22304/321       6461/145   
    5086/93        6227/68        8982/229       4154/131      12797/198   
   34949/365       6100/77       10291/157       4276/45        4469/63    
    4342/45        5661/59       11829/691       2332/677      27697/367   

  Columns 6 through 10

    6597/239       5334/71       19925/237       8264/235       3019/398   
    6865/101       6709/263      10273/404      15038/181       2595/481   
    3341/51        2378/47      130937/1608     33243/568       8652/163   
    6911/425       4544/65        3385/139      11929/217        935/12    
    5105/429      13809/155       8828/95        5228/57       17466/187   
    2741/55       12183/127      21559/616       4259/149       4157/320   
    3743/39        4323/79        8257/420       1893/25         967/17    
   11471/337       2620/189       7181/286       4447/59        3849/82    
    6555/112       1269/85        8255/134       5973/157        632/531   
    4521/202       7751/301      10649/225       5735/101       7147/212   

A=fix(A)   %trunca decimales

A =

  Columns 1 through 5

      81             15             65             70             43       
      90             97              3              3             38       
      12             95             84             27             76       
      91             48             93              4             79       
      63             80             67              9             18       
       9             14             75             82             48       
      27             42             74             69             44       
      54             91             39             31             64       
      95             79             65             95             70       
      96             95             17              3             75       

  Columns 6 through 10

      27             75             84             35              7       
      67             25             25             83              5       
      65             50             81             58             53       
      16             69             24             54             77       
      11             89             92             91             93       
      49             95             34             28             12       
      95             54             19             75             56       
      34             13             25             75             46       
      58             14             61             38              1       
      22             25             47             56             33       

A(A<10)=0   % los <10 los cambia a 0

A =

  Columns 1 through 5

      81             15             65             70             43       
      90             97              0              0             38       
      12             95             84             27             76       
      91             48             93              0             79       
      63             80             67              0             18       
       0             14             75             82             48       
      27             42             74             69             44       
      54             91             39             31             64       
      95             79             65             95             70       
      96             95             17              0             75       

  Columns 6 through 10

      27             75             84             35              0       
      67             25             25             83              0       
      65             50             81             58             53       
      16             69             24             54             77       
      11             89             92             91             93       
      49             95             34             28             12       
      95             54             19             75             56       
      34             13             25             75             46       
      58             14             61             38              0       
      22             25             47             56             33       

A(A>90)=inf   % los >80 los cambia a infinito

A =

  Columns 1 through 5

      81             15             65             70             43       
      90              1/0            0              0             38       
      12              1/0           84             27             76       
       1/0           48              1/0            0             79       
      63             80             67              0             18       
       0             14             75             82             48       
      27             42             74             69             44       
      54              1/0           39             31             64       
       1/0           79             65              1/0           70       
       1/0            1/0           17              0             75       

  Columns 6 through 10

      27             75             84             35              0       
      67             25             25             83              0       
      65             50             81             58             53       
      16             69             24             54             77       
      11             89              1/0            1/0            1/0     
      49              1/0           34             28             12       
       1/0           54             19             75             56       
      34             13             25             75             46       
      58             14             61             38              0       
      22             25             47             56             33       

A1=A(A>30)

A1 =

      81       
      90       
       1/0     
      63       
      54       
       1/0     
       1/0     
       1/0     
       1/0     
      48       
      80       
      42       
       1/0     
      79       
       1/0     
      65       
      84       
       1/0     
      67       
      75       
      74       
      39       
      65       
      70       
      82       
      69       
      31       
       1/0     
      43       
      38       
      76       
      79       
      48       
      44       
      64       
      70       
      75       
      67       
      65       
      49       
       1/0     
      34       
      58       
      75       
      50       
      69       
      89       
       1/0     
      54       
      84       
      81       
       1/0     
      34       
      61       
      47       
      35       
      83       
      58       
      54       
       1/0     
      75       
      75       
      38       
      56       
      53       
      77       
       1/0     
      56       
      46       
      33       

b=A1(A1<50)

b =

      48       
      42       
      39       
      31       
      43       
      38       
      48       
      44       
      49       
      34       
      34       
      47       
      35       
      38       
      46       
      33       

clear all
clc
f2=inline(vectorize('1/x^3+1/x^2+3/x'))

f2 =

     Inline function:
     f2(x) = 1./x.^3+1./x.^2+3./x

f2(1:5)

ans =

       5             15/8           31/27          53/64          81/125   

dairy off
??? Undefined function or method 'dairy' for input arguments of type 'char'.

diary off
