x[1 3 4 5 67 12 23 1 3 4 45 23 -4];
??? x[1 3 4 5 67 12 23 1 3 4 45 23 -4];
     |
Error: Unbalanced or unexpected parenthesis or bracket.

x= [1 3 4 5 67 12 23 1 3 4 45 23 -4];
x(6)

ans =

    12

x(6:8)

ans =

    12    23     1

x(9)= -17

x =

  Columns 1 through 12

     1     3     4     5    67    12    23     1   -17     4    45    23

  Column 13

    -4

x(2)+x(4)*2

ans =

    13

y= (3:end)
??? Error: The end operator must be used within an array index expression.

y= x(3:end)

y =

     4     5    67    12    23     1   -17     4    45    23    -4

z= x([3, 4, 7:10])

z =

     4     5    23     1   -17     4

x1= [1 12 3 7 9, x]

x1 =

  Columns 1 through 12

     1    12     3     7     9     1     3     4     5    67    12    23

  Columns 13 through 18

     1   -17     4    45    23    -4

x2= 2*x(2:6)

x2 =

     6     8    10   134    24

i= 2;
rec4= x([2*i, 3*i, 7:10])

rec4 =

     5    12    23     1   -17     4

A= [2 15 17 12 34 4 15 22 -4 10]

A =

     2    15    17    12    34     4    15    22    -4    10

impar= 1:2:lenght(A)
??? Undefined function or method 'lenght' for input arguments of type 'double'.

impar= 1:2:lenght(A)
??? Undefined function or method 'lenght' for input arguments of type 'double'.

menores= A<16

menores =

     1     1     0     1     0     1     1     0     1     1

A (menores)

ans =

     2    15    12     4    15    -4    10

A (menores)= A(menores)+10

A =

    12    25    17    22    34    14    25    22     6    20

clc
x= 0: 12

x =

     0     1     2     3     4     5     6     7     8     9    10    11    12

k=4

k =

     4

x([k+1:end 1:k])

ans =

     4     5     6     7     8     9    10    11    12     0     1     2     3

y= -6:8

y =

    -6    -5    -4    -3    -2    -1     0     1     2     3     4     5     6     7     8

negativos= y<0

negativos =

     1     1     1     1     1     1     0     0     0     0     0     0     0     0     0

all(y(:)<0)

ans =

     0

y2= -16:-2

y2 =

   -16   -15   -14   -13   -12   -11   -10    -9    -8    -7    -6    -5    -4    -3    -2

all(y2(:)<0)

ans =

     1

clar all
??? Undefined function or method 'clar' for input arguments of type 'char'.

clear all
clc
y= 1/x
??? Undefined function or variable 'x'.

f2= inline(vectorize('1/x^3+1/x^2+3/x'))

f2 =

     Inline function:
     f2(x) = 1./x.^3+1./x.^2+3./x

f2(1:5)

ans =

    5.0000    1.8750    1.1481    0.8281    0.6480

f2=(-2:0.1:-1)

f2 =

  Columns 1 through 9

   -2.0000   -1.9000   -1.8000   -1.7000   -1.6000   -1.5000   -1.4000   -1.3000   -1.2000

  Columns 10 through 11

   -1.1000   -1.0000

A= rand(10) % aleatorio

A =

  Columns 1 through 9

    0.8147    0.1576    0.6557    0.7060    0.4387    0.2760    0.7513    0.8407    0.3517
    0.9058    0.9706    0.0357    0.0318    0.3816    0.6797    0.2551    0.2543    0.8308
    0.1270    0.9572    0.8491    0.2769    0.7655    0.6551    0.5060    0.8143    0.5853
    0.9134    0.4854    0.9340    0.0462    0.7952    0.1626    0.6991    0.2435    0.5497
    0.6324    0.8003    0.6787    0.0971    0.1869    0.1190    0.8909    0.9293    0.9172
    0.0975    0.1419    0.7577    0.8235    0.4898    0.4984    0.9593    0.3500    0.2858
    0.2785    0.4218    0.7431    0.6948    0.4456    0.9597    0.5472    0.1966    0.7572
    0.5469    0.9157    0.3922    0.3171    0.6463    0.3404    0.1386    0.2511    0.7537
    0.9575    0.7922    0.6555    0.9502    0.7094    0.5853    0.1493    0.6160    0.3804
    0.9649    0.9595    0.1712    0.0344    0.7547    0.2238    0.2575    0.4733    0.5678

  Column 10

    0.0759
    0.0540
    0.5308
    0.7792
    0.9340
    0.1299
    0.5688
    0.4694
    0.0119
    0.3371

A=A*100

A =

  Columns 1 through 9

   81.4724   15.7613   65.5741   70.6046   43.8744   27.6025   75.1267   84.0717   35.1660
   90.5792   97.0593    3.5712    3.1833   38.1558   67.9703   25.5095   25.4282   83.0829
   12.6987   95.7167   84.9129   27.6923   76.5517   65.5098   50.5957   81.4285   58.5264
   91.3376   48.5376   93.3993    4.6171   79.5200   16.2612   69.9077   24.3525   54.9724
   63.2359   80.0280   67.8735    9.7132   18.6873   11.8998   89.0903   92.9264   91.7194
    9.7540   14.1886   75.7740   82.3458   48.9764   49.8364   95.9291   34.9984   28.5839
   27.8498   42.1761   74.3132   69.4829   44.5586   95.9744   54.7216   19.6595   75.7200
   54.6882   91.5736   39.2227   31.7099   64.6313   34.0386   13.8624   25.1084   75.3729
   95.7507   79.2207   65.5478   95.0222   70.9365   58.5268   14.9294   61.6045   38.0446
   96.4889   95.9492   17.1187    3.4446   75.4687   22.3812   25.7508   47.3289   56.7822

  Column 10

    7.5854
    5.3950
   53.0798
   77.9167
   93.4011
   12.9906
   56.8824
   46.9391
    1.1902
   33.7123

A= fix(A)

A =

    81    15    65    70    43    27    75    84    35     7
    90    97     3     3    38    67    25    25    83     5
    12    95    84    27    76    65    50    81    58    53
    91    48    93     4    79    16    69    24    54    77
    63    80    67     9    18    11    89    92    91    93
     9    14    75    82    48    49    95    34    28    12
    27    42    74    69    44    95    54    19    75    56
    54    91    39    31    64    34    13    25    75    46
    95    79    65    95    70    58    14    61    38     1
    96    95    17     3    75    22    25    47    56    33

A(A<10)=0

A =

    81    15    65    70    43    27    75    84    35     0
    90    97     0     0    38    67    25    25    83     0
    12    95    84    27    76    65    50    81    58    53
    91    48    93     0    79    16    69    24    54    77
    63    80    67     0    18    11    89    92    91    93
     0    14    75    82    48    49    95    34    28    12
    27    42    74    69    44    95    54    19    75    56
    54    91    39    31    64    34    13    25    75    46
    95    79    65    95    70    58    14    61    38     0
    96    95    17     0    75    22    25    47    56    33

A(A>90)=inf

A =

    81    15    65    70    43    27    75    84    35     0
    90   Inf     0     0    38    67    25    25    83     0
    12   Inf    84    27    76    65    50    81    58    53
   Inf    48   Inf     0    79    16    69    24    54    77
    63    80    67     0    18    11    89   Inf   Inf   Inf
     0    14    75    82    48    49   Inf    34    28    12
    27    42    74    69    44   Inf    54    19    75    56
    54   Inf    39    31    64    34    13    25    75    46
   Inf    79    65   Inf    70    58    14    61    38     0
   Inf   Inf    17     0    75    22    25    47    56    33

A1=A(A>30)

A1 =

    81
    90
   Inf
    63
    54
   Inf
   Inf
   Inf
   Inf
    48
    80
    42
   Inf
    79
   Inf
    65
    84
   Inf
    67
    75
    74
    39
    65
    70
    82
    69
    31
   Inf
    43
    38
    76
    79
    48
    44
    64
    70
    75
    67
    65
    49
   Inf
    34
    58
    75
    50
    69
    89
   Inf
    54
    84
    81
   Inf
    34
    61
    47
    35
    83
    58
    54
   Inf
    75
    75
    38
    56
    53
    77
   Inf
    56
    46
    33

b= A1(A1<50)

b =

    48
    42
    39
    31
    43
    38
    48
    44
    49
    34
    34
    47
    35
    38
    46
    33

b= A1(A1<50)'

b =

    48    42    39    31    43    38    48    44    49    34    34    47    35    38    46    33

clear all
clc
B= 0:0.1:1

B =

  Columns 1 through 9

         0    0.1000    0.2000    0.3000    0.4000    0.5000    0.6000    0.7000    0.8000

  Columns 10 through 11

    0.9000    1.0000

A= linspace (0,1,10)

A =

  Columns 1 through 9

         0    0.1111    0.2222    0.3333    0.4444    0.5556    0.6667    0.7778    0.8889

  Column 10

    1.0000

format long
lenght B
??? Undefined function or method 'lenght' for input arguments of type 'char'.

lenght (B)
??? Undefined function or method 'lenght' for input arguments of type 'double'.

length (B)

ans =

    11

length (A)

ans =

    10

A= linspace (0,1,11)

A =

  Columns 1 through 4

                   0   0.100000000000000   0.200000000000000   0.300000000000000

  Columns 5 through 8

   0.400000000000000   0.500000000000000   0.600000000000000   0.700000000000000

  Columns 9 through 11

   0.800000000000000   0.900000000000000   1.000000000000000

length (A)

ans =

    11

C= linspace (0,1)

C =

  Columns 1 through 4

                   0   0.010101010101010   0.020202020202020   0.030303030303030

  Columns 5 through 8

   0.040404040404040   0.050505050505051   0.060606060606061   0.070707070707071

  Columns 9 through 12

   0.080808080808081   0.090909090909091   0.101010101010101   0.111111111111111

  Columns 13 through 16

   0.121212121212121   0.131313131313131   0.141414141414141   0.151515151515152

  Columns 17 through 20

   0.161616161616162   0.171717171717172   0.181818181818182   0.191919191919192

  Columns 21 through 24

   0.202020202020202   0.212121212121212   0.222222222222222   0.232323232323232

  Columns 25 through 28

   0.242424242424242   0.252525252525253   0.262626262626263   0.272727272727273

  Columns 29 through 32

   0.282828282828283   0.292929292929293   0.303030303030303   0.313131313131313

  Columns 33 through 36

   0.323232323232323   0.333333333333333   0.343434343434343   0.353535353535354

  Columns 37 through 40

   0.363636363636364   0.373737373737374   0.383838383838384   0.393939393939394

  Columns 41 through 44

   0.404040404040404   0.414141414141414   0.424242424242424   0.434343434343434

  Columns 45 through 48

   0.444444444444444   0.454545454545455   0.464646464646465   0.474747474747475

  Columns 49 through 52

   0.484848484848485   0.494949494949495   0.505050505050505   0.515151515151515

  Columns 53 through 56

   0.525252525252525   0.535353535353535   0.545454545454545   0.555555555555556

  Columns 57 through 60

   0.565656565656566   0.575757575757576   0.585858585858586   0.595959595959596

  Columns 61 through 64

   0.606060606060606   0.616161616161616   0.626262626262626   0.636363636363636

  Columns 65 through 68

   0.646464646464647   0.656565656565657   0.666666666666667   0.676767676767677

  Columns 69 through 72

   0.686868686868687   0.696969696969697   0.707070707070707   0.717171717171717

  Columns 73 through 76

   0.727272727272727   0.737373737373737   0.747474747474748   0.757575757575758

  Columns 77 through 80

   0.767676767676768   0.777777777777778   0.787878787878788   0.797979797979798

  Columns 81 through 84

   0.808080808080808   0.818181818181818   0.828282828282828   0.838383838383838

  Columns 85 through 88

   0.848484848484849   0.858585858585859   0.868686868686869   0.878787878787879

  Columns 89 through 92

   0.888888888888889   0.898989898989899   0.909090909090909   0.919191919191919

  Columns 93 through 96

   0.929292929292929   0.939393939393939   0.949494949494950   0.959595959595960

  Columns 97 through 100

   0.969696969696970   0.979797979797980   0.989898989898990   1.000000000000000

D= 7 *ones(10,1)

D =

     7
     7
     7
     7
     7
     7
     7
     7
     7
     7

F= ones (11,1)

F =

     1
     1
     1
     1
     1
     1
     1
     1
     1
     1
     1

F= ones (1, 11)

F =

     1     1     1     1     1     1     1     1     1     1     1

b= zeros(10,1)

b =

     0
     0
     0
     0
     0
     0
     0
     0
     0
     0

b= zeros(1,10)

b =

     0     0     0     0     0     0     0     0     0     0

clc
f= inline(vectorize('(x^2cos(pi*x))/((x^3+1)*(x+2))'))

f =

     Inline function:
     f(x) = (x.^2cos(pi.*x))./((x.^3+1).*(x+2))

x= linspace(0,1,200);
f(x)
??? Error using ==> <a href="matlab: opentoline('C:\Program Files\MATLAB\R2008a\toolbox\matlab\funfun\inlineeval.m',15,0)">inlineeval at 15</a>
Error in inline expression ==> (x.^2cos(pi.*x))./((x.^3+1).*(x+2))
??? Error: Unexpected MATLAB expression.

Error in ==> <a href="matlab: opentoline('C:\Program Files\MATLAB\R2008a\toolbox\matlab\funfun\@inline\subsref.m',27,0)">inline.subsref at 27</a>
    INLINE_OUT_ = inlineeval(INLINE_INPUTS_, INLINE_OBJ_.inputExpr, INLINE_OBJ_.expr);

f(0:1/200:1)
??? Error using ==> <a href="matlab: opentoline('C:\Program Files\MATLAB\R2008a\toolbox\matlab\funfun\inlineeval.m',15,0)">inlineeval at 15</a>
Error in inline expression ==> (x.^2cos(pi.*x))./((x.^3+1).*(x+2))
??? Error: Unexpected MATLAB expression.

Error in ==> <a href="matlab: opentoline('C:\Program Files\MATLAB\R2008a\toolbox\matlab\funfun\@inline\subsref.m',27,0)">inline.subsref at 27</a>
    INLINE_OUT_ = inlineeval(INLINE_INPUTS_, INLINE_OBJ_.inputExpr, INLINE_OBJ_.expr);

x= linspace(0,1,200);
x= linspace(0,1,200)

x =

  Columns 1 through 4

                   0   0.005025125628141   0.010050251256281   0.015075376884422

  Columns 5 through 8

   0.020100502512563   0.025125628140704   0.030150753768844   0.035175879396985

  Columns 9 through 12

   0.040201005025126   0.045226130653266   0.050251256281407   0.055276381909548

  Columns 13 through 16

   0.060301507537688   0.065326633165829   0.070351758793970   0.075376884422111

  Columns 17 through 20

   0.080402010050251   0.085427135678392   0.090452261306533   0.095477386934673

  Columns 21 through 24

   0.100502512562814   0.105527638190955   0.110552763819095   0.115577889447236

  Columns 25 through 28

   0.120603015075377   0.125628140703518   0.130653266331658   0.135678391959799

  Columns 29 through 32

   0.140703517587940   0.145728643216080   0.150753768844221   0.155778894472362

  Columns 33 through 36

   0.160804020100503   0.165829145728643   0.170854271356784   0.175879396984925

  Columns 37 through 40

   0.180904522613065   0.185929648241206   0.190954773869347   0.195979899497487

  Columns 41 through 44

   0.201005025125628   0.206030150753769   0.211055276381910   0.216080402010050

  Columns 45 through 48

   0.221105527638191   0.226130653266332   0.231155778894472   0.236180904522613

  Columns 49 through 52

   0.241206030150754   0.246231155778894   0.251256281407035   0.256281407035176

  Columns 53 through 56

   0.261306532663317   0.266331658291457   0.271356783919598   0.276381909547739

  Columns 57 through 60

   0.281407035175879   0.286432160804020   0.291457286432161   0.296482412060302

  Columns 61 through 64

   0.301507537688442   0.306532663316583   0.311557788944724   0.316582914572864

  Columns 65 through 68

   0.321608040201005   0.326633165829146   0.331658291457286   0.336683417085427

  Columns 69 through 72

   0.341708542713568   0.346733668341709   0.351758793969849   0.356783919597990

  Columns 73 through 76

   0.361809045226131   0.366834170854271   0.371859296482412   0.376884422110553

  Columns 77 through 80

   0.381909547738693   0.386934673366834   0.391959798994975   0.396984924623116

  Columns 81 through 84

   0.402010050251256   0.407035175879397   0.412060301507538   0.417085427135678

  Columns 85 through 88

   0.422110552763819   0.427135678391960   0.432160804020100   0.437185929648241

  Columns 89 through 92

   0.442211055276382   0.447236180904523   0.452261306532663   0.457286432160804

  Columns 93 through 96

   0.462311557788945   0.467336683417085   0.472361809045226   0.477386934673367

  Columns 97 through 100

   0.482412060301508   0.487437185929648   0.492462311557789   0.497487437185930

  Columns 101 through 104

   0.502512562814070   0.507537688442211   0.512562814070352   0.517587939698492

  Columns 105 through 108

   0.522613065326633   0.527638190954774   0.532663316582915   0.537688442211055

  Columns 109 through 112

   0.542713567839196   0.547738693467337   0.552763819095477   0.557788944723618

  Columns 113 through 116

   0.562814070351759   0.567839195979900   0.572864321608040   0.577889447236181

  Columns 117 through 120

   0.582914572864322   0.587939698492462   0.592964824120603   0.597989949748744

  Columns 121 through 124

   0.603015075376884   0.608040201005025   0.613065326633166   0.618090452261307

  Columns 125 through 128

   0.623115577889447   0.628140703517588   0.633165829145729   0.638190954773869

  Columns 129 through 132

   0.643216080402010   0.648241206030151   0.653266331658292   0.658291457286432

  Columns 133 through 136

   0.663316582914573   0.668341708542714   0.673366834170854   0.678391959798995

  Columns 137 through 140

   0.683417085427136   0.688442211055276   0.693467336683417   0.698492462311558

  Columns 141 through 144

   0.703517587939699   0.708542713567839   0.713567839195980   0.718592964824121

  Columns 145 through 148

   0.723618090452261   0.728643216080402   0.733668341708543   0.738693467336683

  Columns 149 through 152

   0.743718592964824   0.748743718592965   0.753768844221106   0.758793969849246

  Columns 153 through 156

   0.763819095477387   0.768844221105528   0.773869346733668   0.778894472361809

  Columns 157 through 160

   0.783919597989950   0.788944723618090   0.793969849246231   0.798994974874372

  Columns 161 through 164

   0.804020100502513   0.809045226130653   0.814070351758794   0.819095477386935

  Columns 165 through 168

   0.824120603015075   0.829145728643216   0.834170854271357   0.839195979899497

  Columns 169 through 172

   0.844221105527638   0.849246231155779   0.854271356783920   0.859296482412060

  Columns 173 through 176

   0.864321608040201   0.869346733668342   0.874371859296482   0.879396984924623

  Columns 177 through 180

   0.884422110552764   0.889447236180904   0.894472361809045   0.899497487437186

  Columns 181 through 184

   0.904522613065327   0.909547738693467   0.914572864321608   0.919597989949749

  Columns 185 through 188

   0.924623115577889   0.929648241206030   0.934673366834171   0.939698492462312

  Columns 189 through 192

   0.944723618090452   0.949748743718593   0.954773869346734   0.959798994974874

  Columns 193 through 196

   0.964824120603015   0.969849246231156   0.974874371859296   0.979899497487437

  Columns 197 through 200

   0.984924623115578   0.989949748743719   0.994974874371859   1.000000000000000

1/200

ans =

   0.005000000000000

f(0:0.005:1)
??? Error using ==> <a href="matlab: opentoline('C:\Program Files\MATLAB\R2008a\toolbox\matlab\funfun\inlineeval.m',15,0)">inlineeval at 15</a>
Error in inline expression ==> (x.^2cos(pi.*x))./((x.^3+1).*(x+2))
??? Error: Unexpected MATLAB expression.

Error in ==> <a href="matlab: opentoline('C:\Program Files\MATLAB\R2008a\toolbox\matlab\funfun\@inline\subsref.m',27,0)">inline.subsref at 27</a>
    INLINE_OUT_ = inlineeval(INLINE_INPUTS_, INLINE_OBJ_.inputExpr, INLINE_OBJ_.expr);

f= inline(vectorize('(x^2cos(pi*x))/(x^3+1)*(x+2)'))

f =

     Inline function:
     f(x) = (x.^2cos(pi.*x))./(x.^3+1).*(x+2)

f(0:0.005:1)
??? Error using ==> <a href="matlab: opentoline('C:\Program Files\MATLAB\R2008a\toolbox\matlab\funfun\inlineeval.m',15,0)">inlineeval at 15</a>
Error in inline expression ==> (x.^2cos(pi.*x))./(x.^3+1).*(x+2)
??? Error: Unexpected MATLAB expression.

Error in ==> <a href="matlab: opentoline('C:\Program Files\MATLAB\R2008a\toolbox\matlab\funfun\@inline\subsref.m',27,0)">inline.subsref at 27</a>
    INLINE_OUT_ = inlineeval(INLINE_INPUTS_, INLINE_OBJ_.inputExpr, INLINE_OBJ_.expr);

f= inline(vectorize('(x^2cos(pi*x))/(x^3+1)*(x+2)'))

f =

     Inline function:
     f(x) = (x.^2cos(pi.*x))./(x.^3+1).*(x+2)

f(x)
??? Error using ==> <a href="matlab: opentoline('C:\Program Files\MATLAB\R2008a\toolbox\matlab\funfun\inlineeval.m',15,0)">inlineeval at 15</a>
Error in inline expression ==> (x.^2cos(pi.*x))./(x.^3+1).*(x+2)
??? Error: Unexpected MATLAB expression.

Error in ==> <a href="matlab: opentoline('C:\Program Files\MATLAB\R2008a\toolbox\matlab\funfun\@inline\subsref.m',27,0)">inline.subsref at 27</a>
    INLINE_OUT_ = inlineeval(INLINE_INPUTS_, INLINE_OBJ_.inputExpr, INLINE_OBJ_.expr);

f(0:0.005:1)
??? Error using ==> <a href="matlab: opentoline('C:\Program Files\MATLAB\R2008a\toolbox\matlab\funfun\inlineeval.m',15,0)">inlineeval at 15</a>
Error in inline expression ==> (x.^2cos(pi.*x))./(x.^3+1).*(x+2)
??? Error: Unexpected MATLAB expression.

Error in ==> <a href="matlab: opentoline('C:\Program Files\MATLAB\R2008a\toolbox\matlab\funfun\@inline\subsref.m',27,0)">inline.subsref at 27</a>
    INLINE_OUT_ = inlineeval(INLINE_INPUTS_, INLINE_OBJ_.inputExpr, INLINE_OBJ_.expr);

x= linspace(0,1,200)

x =

  Columns 1 through 4

                   0   0.005025125628141   0.010050251256281   0.015075376884422

  Columns 5 through 8

   0.020100502512563   0.025125628140704   0.030150753768844   0.035175879396985

  Columns 9 through 12

   0.040201005025126   0.045226130653266   0.050251256281407   0.055276381909548

  Columns 13 through 16

   0.060301507537688   0.065326633165829   0.070351758793970   0.075376884422111

  Columns 17 through 20

   0.080402010050251   0.085427135678392   0.090452261306533   0.095477386934673

  Columns 21 through 24

   0.100502512562814   0.105527638190955   0.110552763819095   0.115577889447236

  Columns 25 through 28

   0.120603015075377   0.125628140703518   0.130653266331658   0.135678391959799

  Columns 29 through 32

   0.140703517587940   0.145728643216080   0.150753768844221   0.155778894472362

  Columns 33 through 36

   0.160804020100503   0.165829145728643   0.170854271356784   0.175879396984925

  Columns 37 through 40

   0.180904522613065   0.185929648241206   0.190954773869347   0.195979899497487

  Columns 41 through 44

   0.201005025125628   0.206030150753769   0.211055276381910   0.216080402010050

  Columns 45 through 48

   0.221105527638191   0.226130653266332   0.231155778894472   0.236180904522613

  Columns 49 through 52

   0.241206030150754   0.246231155778894   0.251256281407035   0.256281407035176

  Columns 53 through 56

   0.261306532663317   0.266331658291457   0.271356783919598   0.276381909547739

  Columns 57 through 60

   0.281407035175879   0.286432160804020   0.291457286432161   0.296482412060302

  Columns 61 through 64

   0.301507537688442   0.306532663316583   0.311557788944724   0.316582914572864

  Columns 65 through 68

   0.321608040201005   0.326633165829146   0.331658291457286   0.336683417085427

  Columns 69 through 72

   0.341708542713568   0.346733668341709   0.351758793969849   0.356783919597990

  Columns 73 through 76

   0.361809045226131   0.366834170854271   0.371859296482412   0.376884422110553

  Columns 77 through 80

   0.381909547738693   0.386934673366834   0.391959798994975   0.396984924623116

  Columns 81 through 84

   0.402010050251256   0.407035175879397   0.412060301507538   0.417085427135678

  Columns 85 through 88

   0.422110552763819   0.427135678391960   0.432160804020100   0.437185929648241

  Columns 89 through 92

   0.442211055276382   0.447236180904523   0.452261306532663   0.457286432160804

  Columns 93 through 96

   0.462311557788945   0.467336683417085   0.472361809045226   0.477386934673367

  Columns 97 through 100

   0.482412060301508   0.487437185929648   0.492462311557789   0.497487437185930

  Columns 101 through 104

   0.502512562814070   0.507537688442211   0.512562814070352   0.517587939698492

  Columns 105 through 108

   0.522613065326633   0.527638190954774   0.532663316582915   0.537688442211055

  Columns 109 through 112

   0.542713567839196   0.547738693467337   0.552763819095477   0.557788944723618

  Columns 113 through 116

   0.562814070351759   0.567839195979900   0.572864321608040   0.577889447236181

  Columns 117 through 120

   0.582914572864322   0.587939698492462   0.592964824120603   0.597989949748744

  Columns 121 through 124

   0.603015075376884   0.608040201005025   0.613065326633166   0.618090452261307

  Columns 125 through 128

   0.623115577889447   0.628140703517588   0.633165829145729   0.638190954773869

  Columns 129 through 132

   0.643216080402010   0.648241206030151   0.653266331658292   0.658291457286432

  Columns 133 through 136

   0.663316582914573   0.668341708542714   0.673366834170854   0.678391959798995

  Columns 137 through 140

   0.683417085427136   0.688442211055276   0.693467336683417   0.698492462311558

  Columns 141 through 144

   0.703517587939699   0.708542713567839   0.713567839195980   0.718592964824121

  Columns 145 through 148

   0.723618090452261   0.728643216080402   0.733668341708543   0.738693467336683

  Columns 149 through 152

   0.743718592964824   0.748743718592965   0.753768844221106   0.758793969849246

  Columns 153 through 156

   0.763819095477387   0.768844221105528   0.773869346733668   0.778894472361809

  Columns 157 through 160

   0.783919597989950   0.788944723618090   0.793969849246231   0.798994974874372

  Columns 161 through 164

   0.804020100502513   0.809045226130653   0.814070351758794   0.819095477386935

  Columns 165 through 168

   0.824120603015075   0.829145728643216   0.834170854271357   0.839195979899497

  Columns 169 through 172

   0.844221105527638   0.849246231155779   0.854271356783920   0.859296482412060

  Columns 173 through 176

   0.864321608040201   0.869346733668342   0.874371859296482   0.879396984924623

  Columns 177 through 180

   0.884422110552764   0.889447236180904   0.894472361809045   0.899497487437186

  Columns 181 through 184

   0.904522613065327   0.909547738693467   0.914572864321608   0.919597989949749

  Columns 185 through 188

   0.924623115577889   0.929648241206030   0.934673366834171   0.939698492462312

  Columns 189 through 192

   0.944723618090452   0.949748743718593   0.954773869346734   0.959798994974874

  Columns 193 through 196

   0.964824120603015   0.969849246231156   0.974874371859296   0.979899497487437

  Columns 197 through 200

   0.984924623115578   0.989949748743719   0.994974874371859   1.000000000000000

f= inline(vectorize('(x^2cos(pi*x))/(x^3+1)*(x+2)'))

f =

     Inline function:
     f(x) = (x.^2cos(pi.*x))./(x.^3+1).*(x+2)

f(x)
??? Error using ==> <a href="matlab: opentoline('C:\Program Files\MATLAB\R2008a\toolbox\matlab\funfun\inlineeval.m',15,0)">inlineeval at 15</a>
Error in inline expression ==> (x.^2cos(pi.*x))./(x.^3+1).*(x+2)
??? Error: Unexpected MATLAB expression.

Error in ==> <a href="matlab: opentoline('C:\Program Files\MATLAB\R2008a\toolbox\matlab\funfun\@inline\subsref.m',27,0)">inline.subsref at 27</a>
    INLINE_OUT_ = inlineeval(INLINE_INPUTS_, INLINE_OBJ_.inputExpr, INLINE_OBJ_.expr);

clc
xx= 2*pi(0:002:1);
??? Error using ==> pi
Too many input arguments.

xx= 2*pi*(0:002:1);
plot (xx, sin(xx))
plot (xx, sin(xx)), grid
plot (xx,sin(xx)), grid
diary off
