#
# An unexpected error has been detected by Java Runtime Environment:
#
#  EXCEPTION_ACCESS_VIOLATION (0xc0000005) at pc=0x79a82baf, pid=2200, tid=2204
#
# Java VM: Java HotSpot(TM) Client VM (10.0-b19 mixed mode windows-x86)
# Problematic frame:
# C  [mcr.dll+0x2baf]
#
# If you would like to submit a bug report, please visit:
#   http://java.sun.com/webapps/bugreport/crash.jsp
# The crash happened outside the Java Virtual Machine in native code.
# See problematic frame for where to report the bug.
#

---------------  T H R E A D  ---------------

Current thread (0x0509fc00):  JavaThread "main" [_thread_in_native, id=2204, stack(0x00430000,0x00c30000)]

siginfo: ExceptionCode=0xc0000005, reading address 0x0000002c

Registers:
EAX=0x0000002c, EBX=0x00000001, ECX=0x0675ea70, EDX=0x012e0048
ESP=0x00c2ee00, EBP=0x00c2ee14, ESI=0x0675ea70, EDI=0x00000000
EIP=0x79a82baf, EFLAGS=0x00010202

Top of Stack: (sp=0x00c2ee00)
0x00c2ee00:   00000000 0675ea70 00c2ee38 79ab0d91
0x00c2ee10:   ffffffff 00c2ee44 79aa998b 0000002c
0x00c2ee20:   7b3868de 00c2f378 00c2ee64 00c2ee5c
0x00c2ee30:   00c2ef5c 0675ea70 00c2f39c 79ab33db
0x00c2ee40:   00000000 00c2ee58 79a81f6c 00000001
0x00c2ee50:   00000000 00000000 00c2f3a8 79aadaf9
0x00c2ee60:   0135d7b0 00000001 7b3868de 00000000
0x00c2ee70:   00000000 00000003 00000000 00000002 

Instructions: (pc=0x79a82baf)
0x79a82b9f:   00 50 64 89 25 00 00 00 00 51 8b 45 08 56 8b f1
0x79a82baf:   8b 08 89 0e 8b 50 04 89 56 04 8b 48 08 89 4e 08 


Stack: [0x00430000,0x00c30000],  sp=0x00c2ee00,  free space=8187k
Native frames: (J=compiled Java code, j=interpreted, Vv=VM code, C=native code)
C  [mcr.dll+0x2baf]
C  [mcr.dll+0x2998b]
C  [mcr.dll+0x1f6c]
C  [mcr.dll+0x2daf9]
C  [mcr.dll+0x2ddf7]
C  [m_dispatcher.dll+0x6dac]
C  [m_dispatcher.dll+0x6eb1]
C  [m_dispatcher.dll+0x3f6b]
C  [m_dispatcher.dll+0x6dac]
C  [m_dispatcher.dll+0x6eb1]
C  [m_interpreter.dll+0xa6fcd]
C  [m_interpreter.dll+0xa1da6]
C  [m_interpreter.dll+0x111f1]
C  [nativejmi.dll+0x27b2]
C  [nativejmi.dll+0x2f32]
C  [nativejmi.dll+0x29ea]
C  [nativejmi.dll+0x6ebd]
C  [nativejmi.dll+0x6f83]
v  ~BufferBlob::Interpreter
v  ~BufferBlob::Interpreter
v  ~BufferBlob::Interpreter
v  ~BufferBlob::Interpreter
v  ~BufferBlob::Interpreter
v  ~BufferBlob::Interpreter
v  ~BufferBlob::StubRoutines (1)

Java frames: (J=compiled Java code, j=interpreted, Vv=VM code)
v  ~BufferBlob::Interpreter
v  ~BufferBlob::Interpreter
v  ~BufferBlob::Interpreter
v  ~BufferBlob::Interpreter
v  ~BufferBlob::Interpreter
v  ~BufferBlob::Interpreter
v  ~BufferBlob::StubRoutines (1)

---------------  P R O C E S S  ---------------

Java Threads: ( => current thread )
  0x0c2e1800 JavaThread "Thread-12" [_thread_blocked, id=3384, stack(0x06570000,0x065f0000)]
  0x0c2dfc00 JavaThread "Thread-11" [_thread_blocked, id=3296, stack(0x06460000,0x064e0000)]
  0x0c2e0800 JavaThread "Active Reference Queue Daemon" daemon [_thread_blocked, id=2032, stack(0x062c0000,0x06340000)]
  0x0c2df800 JavaThread "Timer-6" daemon [_thread_blocked, id=3528, stack(0x06240000,0x062c0000)]
  0x0c2e0400 JavaThread "Timer-5" daemon [_thread_blocked, id=4032, stack(0x06350000,0x063d0000)]
  0x0bc4f400 JavaThread "Timer-1" [_thread_blocked, id=3852, stack(0x0e330000,0x0e3b0000)]
  0x0bb87000 JavaThread "TimerQueue" daemon [_thread_blocked, id=1604, stack(0x0e250000,0x0e2d0000)]
  0x0bc82400 JavaThread "AWT-EventQueue-0" [_thread_blocked, id=212, stack(0x0e1d0000,0x0e250000)]
  0x0bf73800 JavaThread "AWT-Shutdown" [_thread_blocked, id=208, stack(0x0e150000,0x0e1d0000)]
  0x0bf71000 JavaThread "AWT-Windows" daemon [_thread_in_native, id=4064, stack(0x0c930000,0x0c9b0000)]
  0x0bf66000 JavaThread "Java2D Disposer" daemon [_thread_blocked, id=1032, stack(0x0c630000,0x0c6b0000)]
  0x0b72f000 JavaThread "Timer-0" [_thread_blocked, id=1492, stack(0x0b8d0000,0x0b950000)]
  0x0b6d7800 JavaThread "JMI Unnamed Thread" [_thread_in_native, id=1220, stack(0x047f0000,0x04ff0000)]
  0x07b26400 JavaThread "Low Memory Detector" daemon [_thread_blocked, id=2920, stack(0x0ae50000,0x0aed0000)]
  0x07b25800 JavaThread "CompilerThread0" daemon [_thread_blocked, id=3580, stack(0x0a650000,0x0ae50000)]
  0x07b1cc00 JavaThread "Attach Listener" daemon [_thread_blocked, id=3292, stack(0x0a5d0000,0x0a650000)]
  0x07b05800 JavaThread "Finalizer" daemon [_thread_blocked, id=216, stack(0x0a550000,0x0a5d0000)]
  0x07b01400 JavaThread "Reference Handler" daemon [_thread_blocked, id=356, stack(0x0a4d0000,0x0a550000)]
=>0x0509fc00 JavaThread "main" [_thread_in_native, id=2204, stack(0x00430000,0x00c30000)]

Other Threads:
  0x07afcc00 VMThread [stack: 0x09cd0000,0x0a4d0000] [id=2352]
  0x07b3bc00 WatcherThread [stack: 0x0aed0000,0x0b6d0000] [id=3456]

VM state:not at safepoint (normal execution)

VM Mutex/Monitor currently owned by a thread: None

Heap
 def new generation   total 14784K, used 4057K [0x10010000, 0x11010000, 0x12010000)
  eden space 13184K,  22% used [0x10010000, 0x102eb750, 0x10cf0000)
  from space 1600K,  70% used [0x10e80000, 0x10f9ae60, 0x11010000)
  to   space 1600K,   0% used [0x10cf0000, 0x10cf0000, 0x10e80000)
 tenured generation   total 49152K, used 21498K [0x12010000, 0x15010000, 0x18010000)
   the space 49152K,  43% used [0x12010000, 0x1350ebe8, 0x1350ec00, 0x15010000)
 compacting perm gen  total 32768K, used 26215K [0x18010000, 0x1a010000, 0x1c010000)
   the space 32768K,  80% used [0x18010000, 0x199a9e50, 0x199aa000, 0x1a010000)
No shared spaces configured.

Dynamic libraries:
0x00400000 - 0x0042f000 	C:\Program Files\MATLAB\R2009a\bin\win32\MATLAB.exe
0x77a00000 - 0x77b3c000 	C:\Windows\SYSTEM32\ntdll.dll
0x76840000 - 0x76914000 	C:\Windows\system32\kernel32.dll
0x75c00000 - 0x75c4b000 	C:\Windows\system32\KERNELBASE.dll
0x7b280000 - 0x7b34a000 	C:\Program Files\MATLAB\R2009a\bin\win32\libut.dll
0x76a70000 - 0x76a9a000 	C:\Windows\system32\imagehlp.dll
0x77950000 - 0x779fc000 	C:\Windows\system32\msvcrt.dll
0x77b70000 - 0x77b75000 	C:\Windows\system32\PSAPI.DLL
0x7bba0000 - 0x7bbbf000 	C:\Program Files\MATLAB\R2009a\bin\win32\LIBEXPAT.dll
0x001e0000 - 0x0027b000 	C:\Windows\WinSxS\x86_microsoft.vc80.crt_1fc8b3b9a1e18e3b_8.0.50727.6195_none_d09154e044272b9a\MSVCR80.dll
0x7b6b0000 - 0x7b791000 	C:\Program Files\MATLAB\R2009a\bin\win32\icuuc38.dll
0x76010000 - 0x760b0000 	C:\Windows\system32\ADVAPI32.dll
0x75e90000 - 0x75ea9000 	C:\Windows\SYSTEM32\sechost.dll
0x77b80000 - 0x77c21000 	C:\Windows\system32\RPCRT4.dll
0x7ad90000 - 0x7ad94000 	C:\Program Files\MATLAB\R2009a\bin\win32\icudt38.dll
0x7ada0000 - 0x7adac000 	C:\Program Files\MATLAB\R2009a\bin\win32\icuio38.dll
0x7afe0000 - 0x7b0c4000 	C:\Program Files\MATLAB\R2009a\bin\win32\icuin38.dll
0x002b0000 - 0x00337000 	C:\Windows\WinSxS\x86_microsoft.vc80.crt_1fc8b3b9a1e18e3b_8.0.50727.6195_none_d09154e044272b9a\MSVCP80.dll
0x76100000 - 0x761c9000 	C:\Windows\system32\USER32.dll
0x766e0000 - 0x7672e000 	C:\Windows\system32\GDI32.dll
0x77b40000 - 0x77b4a000 	C:\Windows\system32\LPK.dll
0x76640000 - 0x766dd000 	C:\Windows\system32\USP10.dll
0x782e0000 - 0x78317000 	C:\Program Files\MATLAB\R2009a\bin\win32\libmwfl.dll
0x10000000 - 0x1000e000 	C:\Program Files\MATLAB\R2009a\bin\win32\boost_date_time-vc80-mt-1_36.dll
0x00360000 - 0x00370000 	C:\Program Files\MATLAB\R2009a\bin\win32\boost_signals-vc80-mt-1_36.dll
0x00380000 - 0x00387000 	C:\Program Files\MATLAB\R2009a\bin\win32\boost_system-vc80-mt-1_36.dll
0x003a0000 - 0x003ac000 	C:\Program Files\MATLAB\R2009a\bin\win32\boost_thread-vc80-mt-1_36.dll
0x7b3b0000 - 0x7b59a000 	C:\Program Files\MATLAB\R2009a\bin\win32\libmwservices.dll
0x7b350000 - 0x7b3aa000 	C:\Program Files\MATLAB\R2009a\bin\win32\libmx.dll
0x787a0000 - 0x787b3000 	C:\Program Files\MATLAB\R2009a\bin\win32\zlib1.dll
0x7b5a0000 - 0x7b6af000 	C:\Program Files\MATLAB\R2009a\bin\win32\libmwmathutil.dll
0x79510000 - 0x79543000 	C:\Program Files\MATLAB\R2009a\bin\win32\mpath.dll
0x00c30000 - 0x00c5f000 	C:\Program Files\MATLAB\R2009a\bin\win32\mlutil.dll
0x00c70000 - 0x00ca9000 	C:\Program Files\MATLAB\R2009a\bin\win32\tbb.dll
0x75c80000 - 0x75d04000 	C:\Windows\WinSxS\x86_microsoft.windows.common-controls_6595b64144ccf1df_5.82.7600.16385_none_ebf82fc36c758ad5\COMCTL32.dll
0x769f0000 - 0x76a6b000 	C:\Windows\system32\comdlg32.dll
0x765e0000 - 0x76637000 	C:\Windows\system32\SHLWAPI.dll
0x76d00000 - 0x77949000 	C:\Windows\system32\SHELL32.dll
0x74260000 - 0x74271000 	C:\Windows\system32\NETAPI32.dll
0x74250000 - 0x74259000 	C:\Windows\system32\netutils.dll
0x75870000 - 0x75889000 	C:\Windows\system32\srvcli.dll
0x74240000 - 0x7424f000 	C:\Windows\system32\wkscli.dll
0x75e50000 - 0x75e85000 	C:\Windows\system32\WS2_32.dll
0x76540000 - 0x76546000 	C:\Windows\system32\NSI.dll
0x79a80000 - 0x79ad3000 	C:\Program Files\MATLAB\R2009a\bin\win32\mcr.dll
0x7adb0000 - 0x7adeb000 	C:\Program Files\MATLAB\R2009a\bin\win32\iqm.dll
0x7a080000 - 0x7a558000 	C:\Program Files\MATLAB\R2009a\bin\win32\m_interpreter.dll
0x7ae00000 - 0x7ae0c000 	C:\Program Files\MATLAB\R2009a\bin\win32\libmex.dll
0x79960000 - 0x799b7000 	C:\Program Files\MATLAB\R2009a\bin\win32\m_dispatcher.dll
0x78670000 - 0x7868c000 	C:\Program Files\MATLAB\R2009a\bin\win32\datasvcs.dll
0x78df0000 - 0x78fb2000 	C:\Program Files\MATLAB\R2009a\bin\win32\xerces-c_2_7.dll
0x00d20000 - 0x00dbd000 	C:\Program Files\MATLAB\R2009a\bin\win32\boost_regex-vc80-mt-1_36.dll
0x79870000 - 0x798c7000 	C:\Program Files\MATLAB\R2009a\bin\win32\profiler.dll
0x7ae60000 - 0x7ae7e000 	C:\Program Files\MATLAB\R2009a\bin\win32\libmwmathrng.dll
0x78720000 - 0x78732000 	C:\Program Files\MATLAB\R2009a\bin\win32\m_pcodeio.dll
0x794d0000 - 0x79507000 	C:\Program Files\MATLAB\R2009a\bin\win32\m_ir.dll
0x79b60000 - 0x7a077000 	C:\Program Files\MATLAB\R2009a\bin\win32\m_parser.dll
0x7adf0000 - 0x7adfe000 	C:\Program Files\MATLAB\R2009a\bin\win32\ir_xfmr.dll
0x78320000 - 0x78468000 	C:\Program Files\MATLAB\R2009a\bin\win32\mcos.dll
0x7aea0000 - 0x7aeaa000 	C:\Program Files\MATLAB\R2009a\bin\win32\mtok.dll
0x78700000 - 0x78716000 	C:\Program Files\MATLAB\R2009a\bin\win32\m_pcodegen.dll
0x78650000 - 0x7866b000 	C:\Program Files\MATLAB\R2009a\bin\win32\bridge.dll
0x7aae0000 - 0x7ab64000 	C:\Program Files\MATLAB\R2009a\bin\win32\udd.dll
0x7b7a0000 - 0x7b89b000 	C:\Program Files\MATLAB\R2009a\bin\win32\libmwgui.dll
0x78800000 - 0x789f1000 	C:\Program Files\MATLAB\R2009a\bin\win32\hg.dll
0x78690000 - 0x786b2000 	C:\Program Files\MATLAB\R2009a\bin\win32\libmat.dll
0x7b0d0000 - 0x7b275000 	C:\Program Files\MATLAB\R2009a\bin\win32\libhdf5.dll
0x793e0000 - 0x7941e000 	C:\Program Files\MATLAB\R2009a\bin\win32\jmi.dll
0x790f0000 - 0x7911c000 	C:\Program Files\MATLAB\R2009a\bin\win32\libmwhardcopy.dll
0x79490000 - 0x794c7000 	C:\Program Files\MATLAB\R2009a\bin\win32\libuij.dll
0x78d50000 - 0x78de5000 	C:\Program Files\MATLAB\R2009a\bin\win32\libmwmathlinalg.dll
0x78a60000 - 0x78d42000 	C:\Program Files\MATLAB\R2009a\bin\win32\libmwmathelem.dll
0x78a00000 - 0x78a52000 	C:\Program Files\MATLAB\R2009a\bin\win32\libmwmathcore.dll
0x798d0000 - 0x79917000 	C:\Program Files\MATLAB\R2009a\bin\win32\libmwcholmod.dll
0x7ae10000 - 0x7ae1a000 	C:\Program Files\MATLAB\R2009a\bin\win32\libmwamd.dll
0x7ae40000 - 0x7ae49000 	C:\Program Files\MATLAB\R2009a\bin\win32\libmwcolamd.dll
0x7ae30000 - 0x7ae3d000 	C:\Program Files\MATLAB\R2009a\bin\win32\libmwblas.dll
0x7ae20000 - 0x7ae2c000 	C:\Program Files\MATLAB\R2009a\bin\win32\libmwbinder.dll
0x786c0000 - 0x786f8000 	C:\Program Files\MATLAB\R2009a\bin\win32\libmwlapack.dll
0x00f80000 - 0x00fb5000 	C:\Program Files\MATLAB\R2009a\bin\win32\libmwrookfastbp.dll
0x79120000 - 0x7915c000 	C:\Program Files\MATLAB\R2009a\bin\win32\libmwma57.dll
0x7aef0000 - 0x7afd9000 	C:\Program Files\MATLAB\R2009a\bin\win32\libifcoremd.dll
0x79550000 - 0x79813000 	C:\Program Files\MATLAB\R2009a\bin\win32\libmmd.dll
0x7ae50000 - 0x7ae5c000 	C:\Program Files\MATLAB\R2009a\bin\win32\libmwcsparse.dll
0x79a20000 - 0x79a73000 	C:\Program Files\MATLAB\R2009a\bin\win32\libmwumfpack.dll
0x01000000 - 0x010a7000 	C:\Program Files\MATLAB\R2009a\bin\win32\hgdatatypes.dll
0x7ab70000 - 0x7ad89000 	C:\Program Files\MATLAB\R2009a\bin\win32\uiw.dll
0x7aee0000 - 0x7aee9000 	C:\Program Files\MATLAB\R2009a\bin\win32\uinone.dll
0x010e0000 - 0x011ef000 	C:\Windows\WinSxS\x86_microsoft.vc80.mfc_1fc8b3b9a1e18e3b_8.0.50727.6195_none_cbf5e994470a1a8f\MFC80.DLL
0x71630000 - 0x71681000 	C:\Windows\system32\WINSPOOL.DRV
0x75eb0000 - 0x7600c000 	C:\Windows\system32\ole32.dll
0x76370000 - 0x763ff000 	C:\Windows\system32\OLEAUT32.dll
0x79ae0000 - 0x79b55000 	C:\Program Files\MATLAB\R2009a\bin\win32\udd_mi.dll
0x78740000 - 0x78753000 	C:\Program Files\MATLAB\R2009a\bin\win32\mwoles05.DLL
0x79820000 - 0x79864000 	C:\Program Files\MATLAB\R2009a\bin\win32\comcli.dll
0x01220000 - 0x0123b000 	C:\Windows\WinSxS\x86_microsoft.vc80.atl_1fc8b3b9a1e18e3b_8.0.50727.6195_none_d1cb102c435421de\ATL80.DLL
0x7ae90000 - 0x7ae9b000 	C:\Program Files\MATLAB\R2009a\bin\win32\mlautoregister.dll
0x77b50000 - 0x77b6f000 	C:\Windows\system32\IMM32.DLL
0x76920000 - 0x769ec000 	C:\Windows\system32\MSCTF.dll
0x75b50000 - 0x75b5b000 	C:\Windows\system32\profapi.dll
0x75aa0000 - 0x75aac000 	C:\Windows\system32\CRYPTBASE.dll
0x74930000 - 0x74970000 	C:\Windows\system32\uxtheme.dll
0x74ab0000 - 0x74c4e000 	C:\Windows\WinSxS\x86_microsoft.windows.common-controls_6595b64144ccf1df_6.0.7600.16385_none_421189da2b7fabfc\comctl32.dll
0x76550000 - 0x765d3000 	C:\Windows\system32\CLBCatQ.DLL
0x74970000 - 0x74a65000 	C:\Windows\system32\propsys.dll
0x74d50000 - 0x74d71000 	C:\Windows\system32\ntmarta.dll
0x760b0000 - 0x760f5000 	C:\Windows\system32\WLDAP32.dll
0x761d0000 - 0x7636d000 	C:\Windows\system32\SETUPAPI.dll
0x75bd0000 - 0x75bf7000 	C:\Windows\system32\CFGMGR32.dll
0x75d10000 - 0x75d22000 	C:\Windows\system32\DEVOBJ.dll
0x73d20000 - 0x73d3c000 	C:\Windows\system32\iphlpapi.dll
0x73d00000 - 0x73d07000 	C:\Windows\system32\WINNSI.DLL
0x75450000 - 0x75494000 	C:\Windows\system32\DNSAPI.dll
0x73b10000 - 0x73b22000 	C:\Windows\system32\dhcpcsvc.DLL
0x73b00000 - 0x73b0d000 	C:\Windows\system32\dhcpcsvc6.DLL
0x01400000 - 0x01403000 	C:\Windows\system32\icmp.Dll
0x79190000 - 0x793e0000 	C:\Program Files\MATLAB\R2009a\sys\java\jre\win32\jre\bin\client\jvm.dll
0x71d50000 - 0x71d82000 	C:\Windows\system32\WINMM.dll
0x035c0000 - 0x03616000 	C:\Program Files\MATLAB\R2009a\bin\win32\MSVCR71.dll
0x75a50000 - 0x75a9b000 	C:\Windows\system32\apphelp.dll
0x07940000 - 0x07a2b000 	C:\Windows\system32\dbghelp.dll
0x79920000 - 0x79928000 	C:\Program Files\MATLAB\R2009a\sys\java\jre\win32\jre\bin\hpi.dll
0x79940000 - 0x7994c000 	C:\Program Files\MATLAB\R2009a\sys\java\jre\win32\jre\bin\verify.dll
0x787c0000 - 0x787df000 	C:\Program Files\MATLAB\R2009a\sys\java\jre\win32\jre\bin\java.dll
0x79950000 - 0x7995f000 	C:\Program Files\MATLAB\R2009a\sys\java\jre\win32\jre\bin\zip.dll
0x78760000 - 0x78778000 	C:\Program Files\MATLAB\R2009a\bin\win32\nativejava.dll
0x78780000 - 0x7879d000 	C:\Program Files\MATLAB\R2009a\bin\win32\nativejmi.dll
0x7aed0000 - 0x7aed6000 	C:\Program Files\MATLAB\R2009a\bin\win32\nativeservices.dll

VM Arguments:
jvm_args: -Xss512k -XX:PermSize=32m -Xms64m -XX:NewRatio=3 -XX:MaxPermSize=64m -Xmx128m -XX:MaxDirectMemorySize=1200000000 -Dsun.java2d.noddraw=true -Dsun.awt.nopixfmt=true -Xshare:off -Xrs -Djava.library.path=C:\Program Files\MATLAB\R2009a\bin\win32 vfprintf abort 
java_command: <unknown>
Launcher Type: generic

Environment Variables:
CLASSPATH=C:\Program Files\Java\jdk1.7.0_25\src.zip;.;
PATH=C:\Windows\system32;C:\Windows;C:\Windows\System32\Wbem;C:\Windows\System32\WindowsPowerShell\v1.0;C:\Program Files\ESTsoft\ALZip;C:\Program Files\MATLAB\R2009a\bin;C:\Program Files\MATLAB\R2009a\bin\win32;C:\Program Files\Java\jdk1.7.0_25\bin;C:\Program Files\MySQL\MySQL Utilities 1.3.4\;C:\Program Files\Microsoft SQL Server\100\Tools\Binn\;C:\Program Files\Microsoft SQL Server\100\DTS\Binn\;C:\Program Files\Microsoft SQL Server\100\Tools\Binn\VSShell\Common7\IDE\;C:\Program Files\Microsoft Visual Studio 9.0\Common7\IDE\PrivateAssemblies\;C:\PROGRA~1\PICC;C:\ffmpeg\bin;C:\Program Files\Liquid Technologies\Liquid XML 2013\XmlDataBinder11\Redist11\cpp\win32\bin;C:\Program Files\ESTsoft\ALZip;C:\ffmpeg\bin;.;C:\Program Files\Java\jdk1.7.0_25\bin
USERNAME=Raymundo
OS=Windows_NT
PROCESSOR_IDENTIFIER=x86 Family 6 Model 28 Stepping 2, GenuineIntel



---------------  S Y S T E M  ---------------

OS: Windows NT 6.1 Build 7600 

CPU:total 2 (1 cores per cpu, 2 threads per core) family 6 model 12 stepping 2, cmov, cx8, fxsr, mmx, sse, sse2, sse3, ssse3, ht

Memory: 4k page, physical 2087416k(543612k free), swap 4174832k(2365844k free)

vm_info: Java HotSpot(TM) Client VM (10.0-b19) for windows-x86 JRE (1.6.0_04-b12), built on Dec 14 2007 00:51:20 by "java_re" with MS VC++ 7.1

time: Tue Oct 15 10:45:26 2013
elapsed time: 119 seconds

